2026/05/04 08:15:34 使用 SQLite 数据库

2026/05/04 08:15:34 [31;1m/root/SYLUlive/server/cmd/main.go:339 [35;1mrecord not found
[0m[33m[0.461ms] [34;1m[rows:0][0m SELECT * FROM `users` WHERE student_id = "20052403060128" ORDER BY `users`.`id` LIMIT 1
2026/05/04 08:15:34 管理员账号已创建: 20052403060128
[GIN-debug] [WARNING] Creating an Engine instance with the Logger and Recovery middleware already attached.

[GIN-debug] [WARNING] Running in "debug" mode. Switch to "release" mode in production.
 - using env:	export GIN_MODE=release
 - using code:	gin.SetMode(gin.ReleaseMode)

2026/05/04 08:15:34 警告: 无法读取 exam_extract.js: open scripts/exam_extract.js: no such file or directory
[GIN-debug] GET    /uploads/*filepath        --> github.com/gin-gonic/gin.(*RouterGroup).createStaticHandler.func1 (4 handlers)
[GIN-debug] HEAD   /uploads/*filepath        --> github.com/gin-gonic/gin.(*RouterGroup).createStaticHandler.func1 (4 handlers)
[GIN-debug] POST   /api/login                --> shenliyuan/internal/handlers.(*AuthHandler).Login-fm (4 handlers)
[GIN-debug] POST   /api/login_edu            --> shenliyuan/internal/handlers.(*AuthHandler).LoginEdu-fm (4 handlers)
[GIN-debug] POST   /api/send_code            --> shenliyuan/internal/handlers.(*VerifyHandler).SendCode-fm (4 handlers)
[GIN-debug] POST   /api/verify_code          --> shenliyuan/internal/handlers.(*VerifyHandler).VerifyCode-fm (4 handlers)
[GIN-debug] POST   /api/register_with_edu    --> shenliyuan/internal/handlers.(*AuthHandler).RegisterWithEdu-fm (4 handlers)
[GIN-debug] POST   /api/change_password      --> shenliyuan/internal/handlers.(*AuthHandler).ChangePassword-fm (5 handlers)
[GIN-debug] GET    /api/user/profile         --> shenliyuan/internal/handlers.(*UserHandler).GetProfile-fm (5 handlers)
[GIN-debug] PUT    /api/user/profile         --> shenliyuan/internal/handlers.(*UserHandler).UpdateProfile-fm (5 handlers)
[GIN-debug] PUT    /api/user/avatar          --> shenliyuan/internal/handlers.(*UserHandler).UpdateAvatar-fm (5 handlers)
[GIN-debug] PUT    /api/user/background      --> shenliyuan/internal/handlers.(*UserHandler).UpdateBackground-fm (5 handlers)
[GIN-debug] PUT    /api/user/nightmode       --> shenliyuan/internal/handlers.(*UserHandler).UpdateNightMode-fm (5 handlers)
[GIN-debug] GET    /api/user/invitations     --> shenliyuan/internal/handlers.(*InvitationHandler).GetPending-fm (5 handlers)
[GIN-debug] POST   /api/user/invitations/:id/accept --> shenliyuan/internal/handlers.(*InvitationHandler).Accept-fm (5 handlers)
[GIN-debug] POST   /api/user/invitations/:id/reject --> shenliyuan/internal/handlers.(*InvitationHandler).Reject-fm (5 handlers)
[GIN-debug] GET    /api/user/:id             --> shenliyuan/internal/handlers.(*UserHandler).GetUserInfo-fm (5 handlers)
[GIN-debug] GET    /api/posts                --> shenliyuan/internal/handlers.(*PostHandler).GetList-fm (4 handlers)
[GIN-debug] GET    /api/posts/:id            --> shenliyuan/internal/handlers.(*PostHandler).GetOne-fm (4 handlers)
[GIN-debug] GET    /api/posts/:id/replies    --> shenliyuan/internal/handlers.(*ReplyHandler).GetList-fm (4 handlers)
[GIN-debug] POST   /api/posts                --> shenliyuan/internal/handlers.(*PostHandler).Create-fm (5 handlers)
[GIN-debug] PUT    /api/posts/:id            --> shenliyuan/internal/handlers.(*PostHandler).Update-fm (5 handlers)
[GIN-debug] DELETE /api/posts/:id            --> shenliyuan/internal/handlers.(*PostHandler).Delete-fm (5 handlers)
[GIN-debug] POST   /api/posts/:id/replies    --> shenliyuan/internal/handlers.(*ReplyHandler).Create-fm (5 handlers)
[GIN-debug] POST   /api/posts/:id/appeal     --> shenliyuan/internal/handlers.(*AppealHandler).Create-fm (5 handlers)
[GIN-debug] DELETE /api/replies/:id          --> shenliyuan/internal/handlers.(*ReplyHandler).Delete-fm (5 handlers)
[GIN-debug] GET    /api/replies/me           --> shenliyuan/internal/handlers.(*ReplyHandler).GetMeList-fm (5 handlers)
[GIN-debug] POST   /api/posts/:id/like       --> shenliyuan/internal/handlers.(*LikeHandler).LikePost-fm (5 handlers)
[GIN-debug] DELETE /api/posts/:id/like       --> shenliyuan/internal/handlers.(*LikeHandler).UnlikePost-fm (5 handlers)
[GIN-debug] POST   /api/replies/:id/like     --> shenliyuan/internal/handlers.(*LikeHandler).LikeReply-fm (5 handlers)
[GIN-debug] DELETE /api/replies/:id/like     --> shenliyuan/internal/handlers.(*LikeHandler).UnlikeReply-fm (5 handlers)
[GIN-debug] GET    /api/messages/conversations --> shenliyuan/internal/handlers.(*MessageHandler).GetConversations-fm (5 handlers)
[GIN-debug] GET    /api/messages/conversations/:id --> shenliyuan/internal/handlers.(*MessageHandler).GetMessages-fm (5 handlers)
[GIN-debug] POST   /api/messages/:user_id    --> shenliyuan/internal/handlers.(*MessageHandler).Send-fm (5 handlers)
[GIN-debug] DELETE /api/messages/conversations/:id --> shenliyuan/internal/handlers.(*MessageHandler).DeleteConversation-fm (5 handlers)
[GIN-debug] GET    /api/announcements        --> shenliyuan/internal/handlers.(*AnnouncementHandler).GetList-fm (4 handlers)
[GIN-debug] GET    /api/announcements/active --> shenliyuan/internal/handlers.(*AnnouncementHandler).GetActive-fm (4 handlers)
[GIN-debug] GET    /api/announcements/:id    --> shenliyuan/internal/handlers.(*AnnouncementHandler).GetOne-fm (4 handlers)
[GIN-debug] POST   /api/announcements        --> shenliyuan/internal/handlers.(*AnnouncementHandler).Create-fm (6 handlers)
[GIN-debug] PUT    /api/announcements/:id    --> shenliyuan/internal/handlers.(*AnnouncementHandler).Update-fm (6 handlers)
[GIN-debug] DELETE /api/announcements/:id    --> shenliyuan/internal/handlers.(*AnnouncementHandler).Delete-fm (6 handlers)
[GIN-debug] POST   /api/reports              --> shenliyuan/internal/handlers.(*ReportHandler).Create-fm (5 handlers)
[GIN-debug] GET    /api/reports              --> shenliyuan/internal/handlers.(*ReportHandler).GetList-fm (6 handlers)
[GIN-debug] PUT    /api/reports/:id/handle   --> shenliyuan/internal/handlers.(*ReportHandler).Handle-fm (6 handlers)
[GIN-debug] GET    /api/appeals              --> shenliyuan/internal/handlers.(*AppealHandler).GetList-fm (5 handlers)
[GIN-debug] GET    /api/appeals/:id          --> shenliyuan/internal/handlers.(*AppealHandler).GetOne-fm (5 handlers)
[GIN-debug] POST   /api/appeals/:id/vote     --> shenliyuan/internal/handlers.(*AppealHandler).Vote-fm (5 handlers)
[GIN-debug] GET    /api/admin/candidates     --> shenliyuan/internal/handlers.(*InvitationHandler).GetCandidates-fm (5 handlers)
[GIN-debug] POST   /api/admin/invite/:user_id --> shenliyuan/internal/handlers.(*InvitationHandler).Create-fm (5 handlers)
[GIN-debug] POST   /api/upload               --> shenliyuan/internal/handlers.(*UploadHandler).Upload-fm (5 handlers)
[GIN-debug] POST   /api/upload_multiple      --> shenliyuan/internal/handlers.(*UploadHandler).UploadMultiple-fm (5 handlers)
[GIN-debug] GET    /api/edu/status           --> shenliyuan/internal/handlers.(*EduHandler).GetEduStatus-fm (5 handlers)
[GIN-debug] POST   /api/edu/bind             --> shenliyuan/internal/handlers.(*EduHandler).BindEdu-fm (5 handlers)
[GIN-debug] DELETE /api/edu/bind             --> shenliyuan/internal/handlers.(*EduHandler).UnbindEdu-fm (5 handlers)
[GIN-debug] POST   /api/edu/courses          --> shenliyuan/internal/handlers.(*EduHandler).GetCourses-fm (5 handlers)
[GIN-debug] POST   /api/edu/grades           --> shenliyuan/internal/handlers.(*EduHandler).GetGrades-fm (5 handlers)
[GIN-debug] POST   /api/edu/pre_verify       --> shenliyuan/internal/handlers.(*EduHandler).PreVerify-fm (4 handlers)
[GIN-debug] GET    /api/super/users          --> shenliyuan/internal/handlers.(*SuperAdminHandler).GetUsers-fm (6 handlers)
[GIN-debug] PUT    /api/super/users/:id/role --> shenliyuan/internal/handlers.(*SuperAdminHandler).UpdateUserRole-fm (6 handlers)
[GIN-debug] PUT    /api/super/users/:id/credit --> shenliyuan/internal/handlers.(*SuperAdminHandler).UpdateUserCredit-fm (6 handlers)
[GIN-debug] POST   /api/super/users/:id/reset_password --> shenliyuan/internal/handlers.(*SuperAdminHandler).ResetUserPassword-fm (6 handlers)
[GIN-debug] DELETE /api/super/users/:id      --> shenliyuan/internal/handlers.(*SuperAdminHandler).DeleteUser-fm (6 handlers)
[GIN-debug] GET    /api/super/stats          --> shenliyuan/internal/handlers.(*SuperAdminHandler).GetStatistics-fm (6 handlers)
[GIN-debug] GET    /api/super/admin_logs     --> shenliyuan/internal/handlers.(*SuperAdminHandler).GetAdminLogs-fm (6 handlers)
[GIN-debug] GET    /api/super/invitations/pending --> shenliyuan/internal/handlers.(*InvitationHandler).GetApprovalList-fm (6 handlers)
[GIN-debug] POST   /api/super/invitations/:id/approve --> shenliyuan/internal/handlers.(*InvitationHandler).Approve-fm (6 handlers)
[GIN-debug] POST   /api/exam/extract         --> shenliyuan/internal/handlers.(*ExamHandler).Extract-fm (5 handlers)
[GIN-debug] GET    /api/tutorial/:key        --> shenliyuan/internal/handlers.(*TutorialHandler).Get-fm (4 handlers)
[GIN-debug] PUT    /api/tutorial/:key        --> shenliyuan/internal/handlers.(*TutorialHandler).Update-fm (6 handlers)
[GIN-debug] GET    /api/teachers             --> shenliyuan/internal/handlers.(*TeacherHandler).GetList-fm (4 handlers)
[GIN-debug] POST   /api/teachers             --> shenliyuan/internal/handlers.(*TeacherHandler).Create-fm (5 handlers)
[GIN-debug] POST   /api/teachers/:id/rate    --> shenliyuan/internal/handlers.(*TeacherHandler).Rate-fm (5 handlers)
[GIN-debug] PUT    /api/teachers/:id/verify  --> shenliyuan/internal/handlers.(*TeacherHandler).Verify-fm (6 handlers)
[GIN-debug] GET    /api/violations           --> shenliyuan/internal/handlers.(*TeacherHandler).GetViolations-fm (5 handlers)
[GIN-debug] POST   /api/violations/:id/appeal --> shenliyuan/internal/handlers.(*TeacherHandler).AppealViolation-fm (5 handlers)
[GIN-debug] POST   /api/violations           --> shenliyuan/internal/handlers.(*TeacherHandler).AddViolation-fm (6 handlers)
[GIN-debug] PUT    /api/violations/:id/appeal --> shenliyuan/internal/handlers.(*TeacherHandler).HandleAppeal-fm (6 handlers)
2026/05/04 08:15:34 服务器启动在 :8080
[GIN-debug] [WARNING] You trusted all proxies, this is NOT safe. We recommend you to set a value.
Please check https://pkg.go.dev/github.com/gin-gonic/gin#readme-don-t-trust-all-proxies for details.
[GIN-debug] Listening and serving HTTP on :8080
